<?xml version="1.0" encoding="UTF-8"?>
<testng-results skipped="0" failed="0" ignored="0" total="1" passed="1">
  <reporter-output>
  </reporter-output>
  <suite name="Default suite" duration-ms="4223" started-at="2020-04-26T15:57:56 IST" finished-at="2020-04-26T15:58:00 IST">
    <groups>
    </groups>
    <test name="Default test" duration-ms="4223" started-at="2020-04-26T15:57:56 IST" finished-at="2020-04-26T15:58:00 IST">
      <class name="RestAssuredTest.Test_GET">
        <test-method status="PASS" signature="test_1()[pri:0, instance:RestAssuredTest.Test_GET@64729b1e]" name="test_1" duration-ms="4160" started-at="2020-04-26T15:57:56 IST" finished-at="2020-04-26T15:58:00 IST">
          <reporter-output>
          </reporter-output>
        </test-method> <!-- test_1 -->
      </class> <!-- RestAssuredTest.Test_GET -->
    </test> <!-- Default test -->
  </suite> <!-- Default suite -->
</testng-results>
